2024-09-26 17:28:55 [TestNG-PoolService-3] INFO  com.compass.stepdefinitions.LoginSteps - Vehicles Category displayed
2024-09-26 17:28:55 [TestNG-PoolService-2] INFO  com.compass.stepdefinitions.LoginSteps - Electronics Category displayed
2024-09-26 17:28:55 [TestNG-PoolService-4] INFO  com.compass.stepdefinitions.LoginSteps - Property Category displayed
2024-09-26 17:28:56 [TestNG-PoolService-1] INFO  com.compass.stepdefinitions.LoginSteps - Mobile Category displayed
2024-09-26 17:28:56 [TestNG-PoolService-0] INFO  com.compass.stepdefinitions.LoginSteps - Company Logo displayed
2024-09-26 17:29:02 [TestNG-PoolService-0] INFO  com.compass.stepdefinitions.LoginSteps - email login displayed
2024-09-26 17:29:08 [TestNG-PoolService-0] INFO  com.compass.stepdefinitions.LoginSteps - username field displayed
2024-09-26 17:29:08 [TestNG-PoolService-1] INFO  com.compass.stepdefinitions.LoginSteps - Mobile product displayed
2024-09-26 17:29:14 [TestNG-PoolService-3] INFO  com.compass.stepdefinitions.LoginSteps - Vehicles product displayed
2024-09-26 17:29:14 [TestNG-PoolService-2] INFO  com.compass.stepdefinitions.LoginSteps - Electronics product displayed
2024-09-26 17:29:15 [TestNG-PoolService-4] INFO  com.compass.stepdefinitions.LoginSteps - Property product displayed
2024-09-26 17:40:02 [TestNG-PoolService-4] INFO  com.compass.stepdefinitions.LoginSteps - Property Category displayed
2024-09-26 17:40:02 [TestNG-PoolService-3] INFO  com.compass.stepdefinitions.LoginSteps - Vehicles Category displayed
2024-09-26 17:40:04 [TestNG-PoolService-0] INFO  com.compass.stepdefinitions.LoginSteps - Company Logo displayed
2024-09-26 17:40:04 [TestNG-PoolService-1] INFO  com.compass.stepdefinitions.LoginSteps - Mobile Category displayed
2024-09-26 17:40:10 [TestNG-PoolService-0] INFO  com.compass.stepdefinitions.LoginSteps - email login displayed
2024-09-26 17:40:15 [TestNG-PoolService-1] INFO  com.compass.stepdefinitions.LoginSteps - Mobile product displayed
2024-09-26 17:40:16 [TestNG-PoolService-0] INFO  com.compass.stepdefinitions.LoginSteps - username field displayed
2024-09-26 17:40:18 [TestNG-PoolService-4] INFO  com.compass.stepdefinitions.LoginSteps - Property product displayed
2024-09-26 17:40:18 [TestNG-PoolService-3] INFO  com.compass.stepdefinitions.LoginSteps - Vehicles product displayed
2024-09-26 17:41:14 [TestNG-PoolService-3] INFO  com.compass.stepdefinitions.LoginSteps - Vehicles Category displayed
2024-09-26 17:41:14 [TestNG-PoolService-4] INFO  com.compass.stepdefinitions.LoginSteps - Property Category displayed
2024-09-26 17:41:27 [TestNG-PoolService-3] INFO  com.compass.stepdefinitions.LoginSteps - Vehicles product displayed
2024-09-26 17:41:27 [TestNG-PoolService-4] INFO  com.compass.stepdefinitions.LoginSteps - Property product displayed
2024-09-26 17:42:28 [TestNG-PoolService-4] INFO  com.compass.stepdefinitions.LoginSteps - Property Category displayed
2024-09-26 17:42:28 [TestNG-PoolService-3] INFO  com.compass.stepdefinitions.LoginSteps - Vehicles Category displayed
2024-09-26 17:42:41 [TestNG-PoolService-4] INFO  com.compass.stepdefinitions.LoginSteps - Property product displayed
2024-09-26 17:42:41 [TestNG-PoolService-3] INFO  com.compass.stepdefinitions.LoginSteps - Vehicles product displayed
2024-09-26 17:43:51 [TestNG-PoolService-4] INFO  com.compass.stepdefinitions.LoginSteps - Property Category displayed
2024-09-26 17:44:03 [TestNG-PoolService-4] INFO  com.compass.stepdefinitions.LoginSteps - Property product displayed
2024-09-26 17:56:11 [TestNG-PoolService-3] INFO  com.compass.stepdefinitions.LoginSteps - Vehicles Category displayed
2024-09-26 17:56:14 [TestNG-PoolService-2] INFO  com.compass.stepdefinitions.LoginSteps - Electronics Category displayed
2024-09-26 17:56:14 [TestNG-PoolService-0] INFO  com.compass.stepdefinitions.LoginSteps - Company Logo displayed
2024-09-26 17:56:14 [TestNG-PoolService-1] INFO  com.compass.stepdefinitions.LoginSteps - Mobile Category displayed
2024-09-26 17:56:20 [TestNG-PoolService-0] INFO  com.compass.stepdefinitions.LoginSteps - email login displayed
2024-09-26 17:56:25 [TestNG-PoolService-3] INFO  com.compass.stepdefinitions.LoginSteps - Vehicles product displayed
2024-09-26 17:56:26 [TestNG-PoolService-0] INFO  com.compass.stepdefinitions.LoginSteps - username field displayed
2024-09-26 17:56:29 [TestNG-PoolService-2] INFO  com.compass.stepdefinitions.LoginSteps - Electronics product displayed
2024-09-26 17:56:29 [TestNG-PoolService-1] INFO  com.compass.stepdefinitions.LoginSteps - Mobile product displayed
2024-09-27 11:17:47 [TestNG-PoolService-3] INFO  com.compass.stepdefinitions.LoginSteps - Vehicles Category displayed
2024-09-27 11:17:50 [TestNG-PoolService-0] INFO  com.compass.stepdefinitions.LoginSteps - Company Logo displayed
2024-09-27 11:17:50 [TestNG-PoolService-2] INFO  com.compass.stepdefinitions.LoginSteps - Electronics Category displayed
2024-09-27 11:17:51 [TestNG-PoolService-1] INFO  com.compass.stepdefinitions.LoginSteps - Mobile Category displayed
2024-09-27 11:17:56 [TestNG-PoolService-0] INFO  com.compass.stepdefinitions.LoginSteps - email login displayed
2024-09-27 11:18:00 [TestNG-PoolService-3] INFO  com.compass.stepdefinitions.LoginSteps - Vehicles product displayed
2024-09-27 11:18:01 [TestNG-PoolService-2] INFO  com.compass.stepdefinitions.LoginSteps - Electronics product displayed
2024-09-27 11:18:03 [TestNG-PoolService-0] INFO  com.compass.stepdefinitions.LoginSteps - username field displayed
2024-09-27 11:18:07 [TestNG-PoolService-1] INFO  com.compass.stepdefinitions.LoginSteps - Mobile product displayed
2024-10-07 04:57:15 [TestNG-PoolService-3] INFO  com.compass.stepdefinitions.LoginSteps - Vehicles Category displayed
2024-10-07 04:57:15 [TestNG-PoolService-4] INFO  com.compass.stepdefinitions.LoginSteps - Property Category displayed
2024-10-07 05:34:02 [TestNG-PoolService-4] INFO  com.bikroy.stepdefinitions.LoginSteps - Property Category displayed
2024-10-07 05:34:02 [TestNG-PoolService-3] INFO  com.bikroy.stepdefinitions.LoginSteps - Vehicles Category displayed
2024-10-07 05:34:05 [TestNG-PoolService-2] INFO  com.bikroy.stepdefinitions.LoginSteps - Electronics Category displayed
2024-10-07 05:34:05 [TestNG-PoolService-0] INFO  com.bikroy.stepdefinitions.LoginSteps - Company Logo displayed
2024-10-07 05:34:06 [TestNG-PoolService-1] INFO  com.bikroy.stepdefinitions.LoginSteps - Mobile Category displayed
2024-10-07 05:34:11 [TestNG-PoolService-0] INFO  com.bikroy.stepdefinitions.LoginSteps - email login displayed
2024-10-07 05:34:11 [TestNG-PoolService-3] INFO  com.bikroy.stepdefinitions.LoginSteps - Vehicles product displayed
2024-10-07 05:34:17 [TestNG-PoolService-0] INFO  com.bikroy.stepdefinitions.LoginSteps - username field displayed
2024-10-07 05:34:18 [TestNG-PoolService-2] INFO  com.bikroy.stepdefinitions.LoginSteps - Electronics product displayed
2024-10-07 06:31:53 [TestNG-PoolService-4] INFO  com.compass.stepdefinitions.LoginSteps - Property Category displayed
2024-10-07 06:31:54 [TestNG-PoolService-3] INFO  com.compass.stepdefinitions.LoginSteps - Vehicles Category displayed
2024-10-07 06:31:56 [TestNG-PoolService-2] INFO  com.compass.stepdefinitions.LoginSteps - Electronics Category displayed
2024-10-07 06:31:57 [TestNG-PoolService-1] INFO  com.compass.stepdefinitions.LoginSteps - Mobile Category displayed
2024-10-07 06:31:57 [TestNG-PoolService-0] INFO  com.compass.stepdefinitions.LoginSteps - Company Logo displayed
2024-10-07 06:45:14 [TestNG-PoolService-8] INFO  com.compass.stepdefinitions.LoginSteps - Vehicles Category displayed
2024-10-07 06:45:14 [TestNG-PoolService-9] INFO  com.compass.stepdefinitions.LoginSteps - Property Category displayed
2024-10-07 06:45:14 [TestNG-PoolService-4] INFO  com.compass.stepdefinitions.LoginSteps - Property Category displayed
2024-10-07 06:45:17 [TestNG-PoolService-2] INFO  com.compass.stepdefinitions.LoginSteps - Electronics Category displayed
2024-10-07 06:45:23 [TestNG-PoolService-8] INFO  com.compass.stepdefinitions.LoginSteps - Vehicles product displayed
2024-10-07 06:46:28 [TestNG-PoolService-9] INFO  com.compass.stepdefinitions.LoginSteps - Property Category displayed
2024-10-07 06:46:28 [TestNG-PoolService-3] INFO  com.compass.stepdefinitions.LoginSteps - Vehicles Category displayed
2024-10-07 06:46:30 [TestNG-PoolService-0] INFO  com.compass.stepdefinitions.LoginSteps - Company Logo displayed
2024-10-07 06:46:31 [TestNG-PoolService-7] INFO  com.compass.stepdefinitions.LoginSteps - Electronics Category displayed
2024-10-07 06:46:31 [TestNG-PoolService-4] INFO  com.compass.stepdefinitions.LoginSteps - Mobile Category displayed
2024-10-07 06:46:31 [TestNG-PoolService-8] INFO  com.compass.stepdefinitions.LoginSteps - Company Logo displayed
2024-10-07 06:46:31 [TestNG-PoolService-2] INFO  com.compass.stepdefinitions.LoginSteps - Electronics Category displayed
2024-10-07 06:46:31 [TestNG-PoolService-6] INFO  com.compass.stepdefinitions.LoginSteps - Mobile Category displayed
2024-10-07 06:46:31 [TestNG-PoolService-1] INFO  com.compass.stepdefinitions.LoginSteps - Mobile Category displayed
2024-10-07 06:46:32 [TestNG-PoolService-5] INFO  com.compass.stepdefinitions.LoginSteps - Company Logo displayed
2024-10-07 06:46:37 [TestNG-PoolService-0] INFO  com.compass.stepdefinitions.LoginSteps - email login displayed
2024-10-07 06:46:37 [TestNG-PoolService-8] INFO  com.compass.stepdefinitions.LoginSteps - email login displayed
2024-10-07 06:46:38 [TestNG-PoolService-5] INFO  com.compass.stepdefinitions.LoginSteps - email login displayed
2024-10-07 06:46:41 [TestNG-PoolService-9] INFO  com.compass.stepdefinitions.LoginSteps - Property product displayed
2024-10-07 06:46:43 [TestNG-PoolService-0] INFO  com.compass.stepdefinitions.LoginSteps - username field displayed
2024-10-07 06:46:43 [TestNG-PoolService-8] INFO  com.compass.stepdefinitions.LoginSteps - username field displayed
2024-10-07 06:46:43 [TestNG-PoolService-6] INFO  com.compass.stepdefinitions.LoginSteps - Mobile product displayed
2024-10-07 06:46:44 [TestNG-PoolService-5] INFO  com.compass.stepdefinitions.LoginSteps - username field displayed
2024-10-07 06:46:47 [TestNG-PoolService-3] INFO  com.compass.stepdefinitions.LoginSteps - Vehicles product displayed
2024-10-07 06:46:58 [TestNG-PoolService-6] INFO  com.compass.stepdefinitions.LoginSteps - Vehicles Category displayed
2024-10-07 06:46:58 [TestNG-PoolService-9] INFO  com.compass.stepdefinitions.LoginSteps - Electronics Category displayed
2024-10-07 06:46:59 [TestNG-PoolService-1] INFO  com.compass.stepdefinitions.LoginSteps - Mobile product displayed
2024-10-07 06:46:59 [TestNG-PoolService-3] INFO  com.compass.stepdefinitions.LoginSteps - Property Category displayed
2024-10-07 06:47:00 [TestNG-PoolService-2] INFO  com.compass.stepdefinitions.LoginSteps - Electronics product displayed
2024-10-07 06:47:00 [TestNG-PoolService-7] INFO  com.compass.stepdefinitions.LoginSteps - Electronics product displayed
2024-10-07 06:47:02 [TestNG-PoolService-4] INFO  com.compass.stepdefinitions.LoginSteps - Mobile product displayed
2024-10-07 06:47:02 [TestNG-PoolService-0] INFO  com.compass.stepdefinitions.LoginSteps - Company Logo displayed
2024-10-07 06:47:04 [TestNG-PoolService-8] INFO  com.compass.stepdefinitions.LoginSteps - Mobile Category displayed
2024-10-07 06:47:05 [TestNG-PoolService-5] INFO  com.compass.stepdefinitions.LoginSteps - Electronics Category displayed
2024-10-07 06:47:06 [TestNG-PoolService-1] INFO  com.compass.stepdefinitions.LoginSteps - Vehicles Category displayed
2024-10-07 06:47:07 [TestNG-PoolService-6] INFO  com.compass.stepdefinitions.LoginSteps - Vehicles product displayed
2024-10-07 06:47:07 [TestNG-PoolService-2] INFO  com.compass.stepdefinitions.LoginSteps - Property Category displayed
2024-10-07 06:47:08 [TestNG-PoolService-0] INFO  com.compass.stepdefinitions.LoginSteps - email login displayed
2024-10-07 06:47:14 [TestNG-PoolService-0] INFO  com.compass.stepdefinitions.LoginSteps - username field displayed
2024-10-07 06:47:16 [TestNG-PoolService-3] INFO  com.compass.stepdefinitions.LoginSteps - Property product displayed
2024-10-07 06:47:18 [TestNG-PoolService-9] INFO  com.compass.stepdefinitions.LoginSteps - Electronics product displayed
2024-10-07 06:47:24 [TestNG-PoolService-1] INFO  com.compass.stepdefinitions.LoginSteps - Vehicles product displayed
2024-10-07 06:47:24 [TestNG-PoolService-2] INFO  com.compass.stepdefinitions.LoginSteps - Property product displayed
2024-10-07 06:47:24 [TestNG-PoolService-8] INFO  com.compass.stepdefinitions.LoginSteps - Mobile product displayed
2024-10-07 06:47:25 [TestNG-PoolService-5] INFO  com.compass.stepdefinitions.LoginSteps - Electronics product displayed
2024-10-07 06:49:46 [TestNG-PoolService-8] INFO  com.compass.stepdefinitions.LoginSteps - Vehicles Category displayed
2024-10-07 06:49:46 [TestNG-PoolService-3] INFO  com.compass.stepdefinitions.LoginSteps - Vehicles Category displayed
2024-10-07 06:49:47 [TestNG-PoolService-9] INFO  com.compass.stepdefinitions.LoginSteps - Property Category displayed
2024-10-07 06:49:47 [TestNG-PoolService-4] INFO  com.compass.stepdefinitions.LoginSteps - Property Category displayed
2024-10-07 06:49:49 [TestNG-PoolService-2] INFO  com.compass.stepdefinitions.LoginSteps - Electronics Category displayed
2024-10-07 06:49:49 [TestNG-PoolService-1] INFO  com.compass.stepdefinitions.LoginSteps - Mobile Category displayed
2024-10-07 06:49:49 [TestNG-PoolService-7] INFO  com.compass.stepdefinitions.LoginSteps - Electronics Category displayed
2024-10-07 06:49:49 [TestNG-PoolService-0] INFO  com.compass.stepdefinitions.LoginSteps - Company Logo displayed
2024-10-07 06:49:50 [TestNG-PoolService-5] INFO  com.compass.stepdefinitions.LoginSteps - Company Logo displayed
2024-10-07 06:49:56 [TestNG-PoolService-0] INFO  com.compass.stepdefinitions.LoginSteps - email login displayed
2024-10-07 06:49:56 [TestNG-PoolService-5] INFO  com.compass.stepdefinitions.LoginSteps - email login displayed
2024-10-07 06:49:56 [TestNG-PoolService-8] INFO  com.compass.stepdefinitions.LoginSteps - Vehicles product displayed
2024-10-07 06:49:57 [TestNG-PoolService-4] INFO  com.compass.stepdefinitions.LoginSteps - Property product displayed
2024-10-07 06:50:02 [TestNG-PoolService-0] INFO  com.compass.stepdefinitions.LoginSteps - username field displayed
2024-10-07 06:50:02 [TestNG-PoolService-5] INFO  com.compass.stepdefinitions.LoginSteps - username field displayed
2024-10-07 06:50:02 [TestNG-PoolService-3] INFO  com.compass.stepdefinitions.LoginSteps - Vehicles product displayed
2024-10-07 06:50:07 [TestNG-PoolService-9] INFO  com.compass.stepdefinitions.LoginSteps - Property product displayed
2024-10-07 06:50:15 [TestNG-PoolService-4] INFO  com.compass.stepdefinitions.LoginSteps - Mobile Category displayed
2024-10-07 06:50:16 [TestNG-PoolService-8] INFO  com.compass.stepdefinitions.LoginSteps - Company Logo displayed
2024-10-07 06:50:16 [TestNG-PoolService-7] INFO  com.compass.stepdefinitions.LoginSteps - Electronics product displayed
2024-10-07 06:50:18 [TestNG-PoolService-9] INFO  com.compass.stepdefinitions.LoginSteps - Vehicles Category displayed
2024-10-07 06:50:18 [TestNG-PoolService-1] INFO  com.compass.stepdefinitions.LoginSteps - Mobile product displayed
2024-10-07 06:50:19 [TestNG-PoolService-2] INFO  com.compass.stepdefinitions.LoginSteps - Electronics product displayed
2024-10-07 06:50:19 [TestNG-PoolService-3] INFO  com.compass.stepdefinitions.LoginSteps - Electronics Category displayed
2024-10-07 06:50:22 [TestNG-PoolService-8] INFO  com.compass.stepdefinitions.LoginSteps - email login displayed
2024-10-07 06:50:24 [TestNG-PoolService-0] INFO  com.compass.stepdefinitions.LoginSteps - Property Category displayed
2024-10-07 06:50:28 [TestNG-PoolService-8] INFO  com.compass.stepdefinitions.LoginSteps - username field displayed
2024-10-07 06:50:29 [TestNG-PoolService-5] INFO  com.compass.stepdefinitions.LoginSteps - Company Logo displayed
2024-10-07 06:50:30 [TestNG-PoolService-3] INFO  com.compass.stepdefinitions.LoginSteps - Electronics product displayed
2024-10-07 06:50:33 [TestNG-PoolService-7] INFO  com.compass.stepdefinitions.LoginSteps - Mobile Category displayed
2024-10-07 06:50:35 [TestNG-PoolService-5] INFO  com.compass.stepdefinitions.LoginSteps - email login displayed
2024-10-07 06:50:38 [TestNG-PoolService-2] INFO  com.compass.stepdefinitions.LoginSteps - Vehicles Category displayed
2024-10-07 06:50:41 [TestNG-PoolService-5] INFO  com.compass.stepdefinitions.LoginSteps - username field displayed
2024-10-07 06:50:43 [TestNG-PoolService-4] INFO  com.compass.stepdefinitions.LoginSteps - Mobile product displayed
2024-10-07 06:50:44 [TestNG-PoolService-1] INFO  com.compass.stepdefinitions.LoginSteps - Electronics Category displayed
2024-10-07 06:50:44 [TestNG-PoolService-9] INFO  com.compass.stepdefinitions.LoginSteps - Vehicles product displayed
2024-10-07 06:50:47 [TestNG-PoolService-3] INFO  com.compass.stepdefinitions.LoginSteps - Property Category displayed
2024-10-07 06:50:54 [TestNG-PoolService-0] INFO  com.compass.stepdefinitions.LoginSteps - Property product displayed
2024-10-07 06:50:57 [TestNG-PoolService-7] INFO  com.compass.stepdefinitions.LoginSteps - Mobile product displayed
2024-10-07 06:51:00 [TestNG-PoolService-1] INFO  com.compass.stepdefinitions.LoginSteps - Electronics product displayed
2024-10-07 06:51:01 [TestNG-PoolService-2] INFO  com.compass.stepdefinitions.LoginSteps - Vehicles product displayed
2024-10-07 06:51:03 [TestNG-PoolService-3] INFO  com.compass.stepdefinitions.LoginSteps - Property product displayed
2024-10-07 06:53:10 [TestNG-PoolService-9] INFO  com.compass.stepdefinitions.LoginSteps - Property Category displayed
2024-10-07 06:53:10 [TestNG-PoolService-8] INFO  com.compass.stepdefinitions.LoginSteps - Vehicles Category displayed
2024-10-07 06:53:10 [TestNG-PoolService-3] INFO  com.compass.stepdefinitions.LoginSteps - Vehicles Category displayed
2024-10-07 06:53:10 [TestNG-PoolService-4] INFO  com.compass.stepdefinitions.LoginSteps - Property Category displayed
2024-10-07 06:53:12 [TestNG-PoolService-6] INFO  com.compass.stepdefinitions.LoginSteps - Mobile Category displayed
2024-10-07 06:53:12 [TestNG-PoolService-0] INFO  com.compass.stepdefinitions.LoginSteps - Company Logo displayed
2024-10-07 06:53:13 [TestNG-PoolService-5] INFO  com.compass.stepdefinitions.LoginSteps - Company Logo displayed
2024-10-07 06:53:14 [TestNG-PoolService-7] INFO  com.compass.stepdefinitions.LoginSteps - Electronics Category displayed
2024-10-07 06:53:14 [TestNG-PoolService-1] INFO  com.compass.stepdefinitions.LoginSteps - Mobile Category displayed
2024-10-07 06:53:14 [TestNG-PoolService-2] INFO  com.compass.stepdefinitions.LoginSteps - Electronics Category displayed
2024-10-07 06:53:19 [TestNG-PoolService-0] INFO  com.compass.stepdefinitions.LoginSteps - email login displayed
2024-10-07 06:53:19 [TestNG-PoolService-5] INFO  com.compass.stepdefinitions.LoginSteps - email login displayed
2024-10-07 06:53:24 [TestNG-PoolService-3] INFO  com.compass.stepdefinitions.LoginSteps - Vehicles product displayed
2024-10-07 06:53:25 [TestNG-PoolService-0] INFO  com.compass.stepdefinitions.LoginSteps - username field displayed
2024-10-07 06:53:25 [TestNG-PoolService-5] INFO  com.compass.stepdefinitions.LoginSteps - username field displayed
2024-10-07 06:53:27 [TestNG-PoolService-8] INFO  com.compass.stepdefinitions.LoginSteps - Vehicles product displayed
2024-10-07 06:53:29 [TestNG-PoolService-9] INFO  com.compass.stepdefinitions.LoginSteps - Property product displayed
2024-10-07 06:53:31 [TestNG-PoolService-4] INFO  com.compass.stepdefinitions.LoginSteps - Property product displayed
2024-10-07 06:53:35 [TestNG-PoolService-6] INFO  com.compass.stepdefinitions.LoginSteps - Mobile product displayed
2024-10-07 06:53:38 [TestNG-PoolService-2] INFO  com.compass.stepdefinitions.LoginSteps - Electronics product displayed
2024-10-07 06:53:41 [TestNG-PoolService-7] INFO  com.compass.stepdefinitions.LoginSteps - Electronics product displayed
2024-10-07 06:53:42 [TestNG-PoolService-3] INFO  com.compass.stepdefinitions.LoginSteps - Company Logo displayed
2024-10-07 06:53:43 [TestNG-PoolService-1] INFO  com.compass.stepdefinitions.LoginSteps - Mobile product displayed
2024-10-07 06:53:43 [TestNG-PoolService-4] INFO  com.compass.stepdefinitions.LoginSteps - Vehicles Category displayed
2024-10-07 06:53:44 [TestNG-PoolService-8] INFO  com.compass.stepdefinitions.LoginSteps - Mobile Category displayed
2024-10-07 06:53:44 [TestNG-PoolService-0] INFO  com.compass.stepdefinitions.LoginSteps - Property Category displayed
2024-10-07 06:53:45 [TestNG-PoolService-9] INFO  com.compass.stepdefinitions.LoginSteps - Electronics Category displayed
2024-10-07 06:53:47 [TestNG-PoolService-6] INFO  com.compass.stepdefinitions.LoginSteps - Mobile Category displayed
2024-10-07 06:53:47 [TestNG-PoolService-5] INFO  com.compass.stepdefinitions.LoginSteps - Company Logo displayed
2024-10-07 06:53:48 [TestNG-PoolService-3] INFO  com.compass.stepdefinitions.LoginSteps - email login displayed
2024-10-07 06:53:50 [TestNG-PoolService-2] INFO  com.compass.stepdefinitions.LoginSteps - Electronics Category displayed
2024-10-07 06:53:50 [TestNG-PoolService-7] INFO  com.compass.stepdefinitions.LoginSteps - Vehicles Category displayed
2024-10-07 06:53:52 [TestNG-PoolService-4] INFO  com.compass.stepdefinitions.LoginSteps - Vehicles product displayed
2024-10-07 06:53:53 [TestNG-PoolService-5] INFO  com.compass.stepdefinitions.LoginSteps - email login displayed
2024-10-07 06:53:54 [TestNG-PoolService-8] INFO  com.compass.stepdefinitions.LoginSteps - Mobile product displayed
2024-10-07 06:53:54 [TestNG-PoolService-3] INFO  com.compass.stepdefinitions.LoginSteps - username field displayed
2024-10-07 06:53:57 [TestNG-PoolService-1] INFO  com.compass.stepdefinitions.LoginSteps - Property Category displayed
2024-10-07 06:53:59 [TestNG-PoolService-5] INFO  com.compass.stepdefinitions.LoginSteps - username field displayed
2024-10-07 06:54:05 [TestNG-PoolService-9] INFO  com.compass.stepdefinitions.LoginSteps - Electronics product displayed
2024-10-07 06:54:08 [TestNG-PoolService-6] INFO  com.compass.stepdefinitions.LoginSteps - Mobile product displayed
2024-10-07 06:54:10 [TestNG-PoolService-0] INFO  com.compass.stepdefinitions.LoginSteps - Property product displayed
2024-10-07 06:54:10 [TestNG-PoolService-2] INFO  com.compass.stepdefinitions.LoginSteps - Electronics product displayed
2024-10-07 06:54:14 [TestNG-PoolService-7] INFO  com.compass.stepdefinitions.LoginSteps - Vehicles product displayed
2024-10-07 06:54:17 [TestNG-PoolService-1] INFO  com.compass.stepdefinitions.LoginSteps - Property product displayed
2024-10-07 14:10:27 [TestNG-PoolService-3] INFO  com.bikroy.stepdefinitions.LoginSteps - Vehicles Category displayed
2024-10-07 14:10:27 [TestNG-PoolService-4] INFO  com.bikroy.stepdefinitions.LoginSteps - Property Category displayed
2024-10-07 14:10:30 [TestNG-PoolService-2] INFO  com.bikroy.stepdefinitions.LoginSteps - Electronics Category displayed
2024-10-07 14:10:30 [TestNG-PoolService-1] INFO  com.bikroy.stepdefinitions.LoginSteps - Mobile Category displayed
2024-10-07 14:10:31 [TestNG-PoolService-0] INFO  com.bikroy.stepdefinitions.LoginSteps - Company Logo displayed
2024-10-07 14:10:35 [TestNG-PoolService-3] INFO  com.bikroy.stepdefinitions.LoginSteps - Vehicles product displayed
2024-10-07 14:10:37 [TestNG-PoolService-0] INFO  com.bikroy.stepdefinitions.LoginSteps - email login displayed
2024-10-07 14:10:38 [TestNG-PoolService-4] INFO  com.bikroy.stepdefinitions.LoginSteps - Property product displayed
2024-10-07 14:10:43 [TestNG-PoolService-0] INFO  com.bikroy.stepdefinitions.LoginSteps - username field displayed
2024-10-07 14:10:46 [TestNG-PoolService-1] INFO  com.bikroy.stepdefinitions.LoginSteps - Mobile product displayed
2024-10-07 14:10:47 [TestNG-PoolService-2] INFO  com.bikroy.stepdefinitions.LoginSteps - Electronics product displayed
2024-10-30 12:42:02 [TestNG-PoolService-7] INFO  com.bikroy.stepdefinitions.LoginSteps - pets and animal Category displayed
2024-10-30 12:42:03 [TestNG-PoolService-3] INFO  com.bikroy.stepdefinitions.LoginSteps - Vehicles Category displayed
2024-10-30 12:42:07 [TestNG-PoolService-8] INFO  com.bikroy.stepdefinitions.LoginSteps - home and living Category displayed
2024-10-30 12:42:09 [TestNG-PoolService-1] INFO  com.bikroy.stepdefinitions.LoginSteps - Mobile Category displayed
2024-10-30 12:42:20 [TestNG-PoolService-9] INFO  com.bikroy.stepdefinitions.LoginSteps - home and living Category displayed
2024-10-30 12:42:22 [TestNG-PoolService-3] INFO  com.bikroy.stepdefinitions.LoginSteps - Vehicles product displayed
2024-10-30 12:42:23 [TestNG-PoolService-5] INFO  com.bikroy.stepdefinitions.LoginSteps - Property Category displayed
2024-10-30 12:42:28 [TestNG-PoolService-8] INFO  com.bikroy.stepdefinitions.LoginSteps - Property product displayed
2024-10-30 12:42:32 [TestNG-PoolService-4] INFO  com.bikroy.stepdefinitions.LoginSteps - Property Category displayed
2024-10-30 12:42:43 [TestNG-PoolService-2] INFO  com.bikroy.stepdefinitions.LoginSteps - Electronics Category displayed
2024-10-30 12:42:54 [TestNG-PoolService-7] INFO  com.bikroy.stepdefinitions.LoginSteps - pets and animal displayed
2024-10-30 12:42:58 [TestNG-PoolService-6] INFO  com.bikroy.stepdefinitions.LoginSteps - home and living Category displayed
2024-10-30 12:42:59 [TestNG-PoolService-1] INFO  com.bikroy.stepdefinitions.LoginSteps - Mobile product displayed
2024-10-30 12:43:00 [TestNG-PoolService-3] INFO  com.bikroy.stepdefinitions.LoginSteps - home and living Category displayed
2024-10-30 12:43:05 [TestNG-PoolService-9] INFO  com.bikroy.stepdefinitions.LoginSteps - Property product displayed
2024-10-30 12:43:06 [TestNG-PoolService-5] INFO  com.bikroy.stepdefinitions.LoginSteps - Property product displayed
2024-10-30 12:43:15 [TestNG-PoolService-4] INFO  com.bikroy.stepdefinitions.LoginSteps - Property product displayed
2024-10-30 12:43:19 [TestNG-PoolService-0] INFO  com.bikroy.stepdefinitions.LoginSteps - Company Logo displayed
2024-10-30 12:43:24 [TestNG-PoolService-2] INFO  com.bikroy.stepdefinitions.LoginSteps - Electronics product displayed
2024-10-30 12:43:26 [TestNG-PoolService-0] INFO  com.bikroy.stepdefinitions.LoginSteps - email login displayed
2024-10-30 12:43:30 [TestNG-PoolService-3] INFO  com.bikroy.stepdefinitions.LoginSteps - Property product displayed
2024-10-30 12:43:32 [TestNG-PoolService-0] INFO  com.bikroy.stepdefinitions.LoginSteps - username field displayed
2024-10-30 12:43:34 [TestNG-PoolService-6] INFO  com.bikroy.stepdefinitions.LoginSteps - home and living product displayed
